<?xml version="1.0" encoding="UTF-8"?>
<testng-results total="3" passed="3" failed="0" skipped="0">
  <reporter-output>
  </reporter-output>
  <suite started-at="2022-10-28T12:14:36Z" name="Default suite" finished-at="2022-10-28T12:15:15Z" duration-ms="38817">
    <groups>
    </groups>
    <test started-at="2022-10-28T12:14:36Z" name="Default test" finished-at="2022-10-28T12:15:15Z" duration-ms="38817">
      <class name="TestNG.TestNG">
        <test-method is-config="true" signature="beforetest()[pri:0, instance:TestNG.TestNG@46b61c56]" started-at="2022-10-28T17:44:36Z" name="beforetest" finished-at="2022-10-28T17:44:57Z" duration-ms="20939" status="PASS">
          <reporter-output>
          </reporter-output>
        </test-method> <!-- beforetest -->
        <test-method signature="testcase1()[pri:0, instance:TestNG.TestNG@46b61c56]" started-at="2022-10-28T17:44:57Z" name="testcase1" finished-at="2022-10-28T17:44:58Z" duration-ms="1340" status="PASS">
          <reporter-output>
          </reporter-output>
        </test-method> <!-- testcase1 -->
        <test-method signature="testcase2()[pri:1, instance:TestNG.TestNG@46b61c56]" started-at="2022-10-28T17:44:58Z" name="testcase2" finished-at="2022-10-28T17:45:03Z" duration-ms="4729" status="PASS">
          <reporter-output>
          </reporter-output>
        </test-method> <!-- testcase2 -->
        <test-method signature="testcase3()[pri:2, instance:TestNG.TestNG@46b61c56]" started-at="2022-10-28T17:45:03Z" name="testcase3" finished-at="2022-10-28T17:45:08Z" duration-ms="4492" status="PASS">
          <reporter-output>
          </reporter-output>
        </test-method> <!-- testcase3 -->
        <test-method is-config="true" signature="aftertest()[pri:0, instance:TestNG.TestNG@46b61c56]" started-at="2022-10-28T17:45:08Z" name="aftertest" finished-at="2022-10-28T17:45:15Z" duration-ms="7249" status="PASS">
          <reporter-output>
          </reporter-output>
        </test-method> <!-- aftertest -->
      </class> <!-- TestNG.TestNG -->
    </test> <!-- Default test -->
  </suite> <!-- Default suite -->
</testng-results>
